<?xml version="1.0" encoding="UTF-8"?>
<!-- Generated by org.testng.reporters.JUnitXMLReporter -->
<testsuite ignored="0" hostname="Poornima" failures="0" tests="3" name="Test-1" time="47.996" errors="0" timestamp="2025-09-09T12:23:06 IST">
  <testcase classname="com.comcast.crm.basetest.BaseClass" name="@AfterMethod configAM" time="19.715">
    <failure type="org.openqa.selenium.InvalidSelectorException" message="Given link text expression &amp;quot;Sign Out&amp;quot; is invalid: JavaScriptError: [Exception... &amp;quot;Component returned failure code: 0x8007000e (NS_ERROR_OUT_OF_MEMORY) [nsIXPCComponents_Utils.evalInSandbox]&amp;quot;  nsresult: &amp;quot;0x8007000e (NS_ERROR_OUT_OF_MEMORY)&amp;quot;  location: &amp;quot;JS frame :: chrome://remote/content/marionette/evaluate.sys.mjs :: evaluate.sandbox/promise&amp;lt; :: line 127&amp;quot;  data: no]
For documentation on this error, please visit: https://selenium.dev/exceptions/#invalid_selector_exception
Build info: version: &amp;apos;4.8.3&amp;apos;, revision: &amp;apos;e5e76298c3&amp;apos;
System info: os.name: &amp;apos;Windows 10&amp;apos;, os.arch: &amp;apos;amd64&amp;apos;, os.version: &amp;apos;10.0&amp;apos;, java.version: &amp;apos;21.0.7&amp;apos;
Driver info: org.openqa.selenium.firefox.FirefoxDriver
Command: [9d560043-c3c1-4990-ae72-1a8be231ff75, findElement {using=link text, value=Sign Out}]
Capabilities {acceptInsecureCerts: true, browserName: firefox, browserVersion: 142.0.1, moz:accessibilityChecks: false, moz:buildID: 20250827004350, moz:geckodriverVersion: 0.36.0, moz:headless: false, moz:platformVersion: 10.0, moz:processID: 7492, moz:profile: C:\Users\Vinayaka\AppData\L..., moz:shutdownTimeout: 60000, moz:webdriverClick: true, moz:windowless: false, pageLoadStrategy: normal, platformName: WINDOWS, proxy: Proxy(), setWindowRect: true, strictFileInteractability: false, timeouts: {implicit: 0, pageLoad: 300000, script: 30000}, unhandledPromptBehavior: dismiss and notify, userAgent: Mozilla/5.0 (Windows NT 10....}
Session ID: 9d560043-c3c1-4990-ae72-1a8be231ff75">
      <![CDATA[org.openqa.selenium.InvalidSelectorException: Given link text expression "Sign Out" is invalid: JavaScriptError: [Exception... "Component returned failure code: 0x8007000e (NS_ERROR_OUT_OF_MEMORY) [nsIXPCComponents_Utils.evalInSandbox]"  nsresult: "0x8007000e (NS_ERROR_OUT_OF_MEMORY)"  location: "JS frame :: chrome://remote/content/marionette/evaluate.sys.mjs :: evaluate.sandbox/promise< :: line 127"  data: no]
For documentation on this error, please visit: https://selenium.dev/exceptions/#invalid_selector_exception
Build info: version: '4.8.3', revision: 'e5e76298c3'
System info: os.name: 'Windows 10', os.arch: 'amd64', os.version: '10.0', java.version: '21.0.7'
Driver info: org.openqa.selenium.firefox.FirefoxDriver
Command: [9d560043-c3c1-4990-ae72-1a8be231ff75, findElement {using=link text, value=Sign Out}]
Capabilities {acceptInsecureCerts: true, browserName: firefox, browserVersion: 142.0.1, moz:accessibilityChecks: false, moz:buildID: 20250827004350, moz:geckodriverVersion: 0.36.0, moz:headless: false, moz:platformVersion: 10.0, moz:processID: 7492, moz:profile: C:\Users\Vinayaka\AppData\L..., moz:shutdownTimeout: 60000, moz:webdriverClick: true, moz:windowless: false, pageLoadStrategy: normal, platformName: WINDOWS, proxy: Proxy(), setWindowRect: true, strictFileInteractability: false, timeouts: {implicit: 0, pageLoad: 300000, script: 30000}, unhandledPromptBehavior: dismiss and notify, userAgent: Mozilla/5.0 (Windows NT 10....}
Session ID: 9d560043-c3c1-4990-ae72-1a8be231ff75
at org.openqa.selenium.remote.codec.w3c.W3CHttpResponseCodec.createException(W3CHttpResponseCodec.java:200)
at org.openqa.selenium.remote.codec.w3c.W3CHttpResponseCodec.decode(W3CHttpResponseCodec.java:133)
at org.openqa.selenium.remote.codec.w3c.W3CHttpResponseCodec.decode(W3CHttpResponseCodec.java:53)
at org.openqa.selenium.remote.HttpCommandExecutor.execute(HttpCommandExecutor.java:193)
at org.openqa.selenium.remote.service.DriverCommandExecutor.invokeExecute(DriverCommandExecutor.java:183)
at org.openqa.selenium.remote.service.DriverCommandExecutor.execute(DriverCommandExecutor.java:158)
at org.openqa.selenium.remote.RemoteWebDriver.execute(RemoteWebDriver.java:543)
at org.openqa.selenium.remote.ElementLocation$ElementFinder$2.findElement(ElementLocation.java:162)
at org.openqa.selenium.remote.ElementLocation.findElement(ElementLocation.java:60)
at org.openqa.selenium.remote.RemoteWebDriver.findElement(RemoteWebDriver.java:352)
at org.openqa.selenium.remote.RemoteWebDriver.findElement(RemoteWebDriver.java:344)
at org.openqa.selenium.support.pagefactory.DefaultElementLocator.findElement(DefaultElementLocator.java:70)
at org.openqa.selenium.support.pagefactory.internal.LocatingElementHandler.invoke(LocatingElementHandler.java:39)
at jdk.proxy2/jdk.proxy2.$Proxy19.click(Unknown Source)
at com.comcast.crm.objectrepositoryutility.HomePage.logout(HomePage.java:88)
at com.comcast.crm.basetest.BaseClass.configAM(BaseClass.java:72)
at java.base/java.util.ArrayList.forEach(ArrayList.java:1596)
at java.base/java.util.concurrent.FutureTask.run(FutureTask.java:317)
at java.base/java.util.concurrent.ThreadPoolExecutor.runWorker(ThreadPoolExecutor.java:1144)
at java.base/java.util.concurrent.ThreadPoolExecutor$Worker.run(ThreadPoolExecutor.java:642)
at java.base/java.lang.Thread.run(Thread.java:1583)
... Removed 23 stack frames]]>
    </failure>
  </testcase> <!-- @AfterMethod configAM -->
  <testcase classname="com.comcast.crm.basetest.BaseClass" name="@BeforeMethod configBM" time="0.0">
    <skipped/>
  </testcase> <!-- @BeforeMethod configBM -->
  <testcase classname="com.comcast.crm.basetest.BaseClass" name="@AfterMethod configAM" time="0.0">
    <skipped/>
  </testcase> <!-- @AfterMethod configAM -->
  <testcase classname="com.comcast.crm.basetest.BaseClass" name="@AfterClass configAC" time="0.0">
    <skipped/>
  </testcase> <!-- @AfterClass configAC -->
  <testcase classname="com.comcast.crm.pom.orgtest.CreateOrganizationTest" name="CreatOrganization" time="6.744"/>
  <testcase classname="com.comcast.crm.pom.orgtest.CreateOrganizationTest" name="CreatOrganizationWithTypeTest" time="6.56"/>
  <testcase classname="com.comcast.crm.pom.orgtest.CreateOrganizationTest" name="CreateOrganizationWithPhoneNumber" time="0.0">
    <skipped/>
  </testcase> <!-- CreateOrganizationWithPhoneNumber -->
</testsuite> <!-- Test-1 -->
